[05/Sep/2017 03:41:09] INFO [surveyThesis.views:197] Form is not valid for some reason
[17/Oct/2017 18:14:23] INFO [surveyThesis.views:226] Form is not valid for some reason
[17/Oct/2017 18:15:16] INFO [surveyThesis.views:226] Form is not valid for some reason
[17/Oct/2017 18:15:49] INFO [surveyThesis.views:226] Form is not valid for some reason
[17/Oct/2017 18:19:02] INFO [surveyThesis.views:226] Form is not valid for some reason
[17/Oct/2017 18:19:26] INFO [surveyThesis.views:226] Form is not valid for some reason
[17/Oct/2017 18:20:55] INFO [surveyThesis.views:226] Form is not valid for some reason
[17/Oct/2017 18:22:27] INFO [surveyThesis.views:226] Form is not valid for some reason
[17/Oct/2017 19:07:02] INFO [surveyThesis.views:226] Form is not valid for some reason
[17/Oct/2017 19:12:03] INFO [surveyThesis.views:226] Form is not valid for some reason
[17/Oct/2017 19:13:03] INFO [surveyThesis.views:226] Form is not valid for some reason
[17/Oct/2017 19:13:56] INFO [surveyThesis.views:226] Form is not valid for some reason
[17/Oct/2017 19:15:31] INFO [surveyThesis.views:226] Form is not valid for some reason
[17/Oct/2017 19:16:30] INFO [surveyThesis.views:226] Form is not valid for some reason
[17/Oct/2017 19:19:12] INFO [surveyThesis.views:226] Form is not valid for some reason
[17/Oct/2017 19:19:50] INFO [surveyThesis.views:226] Form is not valid for some reason
[17/Oct/2017 19:20:31] INFO [surveyThesis.views:226] Form is not valid for some reason
[17/Oct/2017 19:21:55] INFO [surveyThesis.views:226] Form is not valid for some reason
[17/Oct/2017 19:23:20] INFO [surveyThesis.views:226] Form is not valid for some reason
[17/Oct/2017 19:24:12] INFO [surveyThesis.views:226] Form is not valid for some reason
[17/Oct/2017 19:25:48] INFO [surveyThesis.views:226] Form is not valid for some reason
[17/Oct/2017 19:26:09] INFO [surveyThesis.views:226] Form is not valid for some reason
[17/Oct/2017 19:26:30] INFO [surveyThesis.views:226] Form is not valid for some reason
[17/Oct/2017 19:27:31] INFO [surveyThesis.views:226] Form is not valid for some reason
[17/Oct/2017 19:27:56] INFO [surveyThesis.views:226] Form is not valid for some reason
[17/Oct/2017 19:36:08] INFO [surveyThesis.views:226] Form is not valid for some reason
[17/Oct/2017 20:01:20] INFO [surveyThesis.views:226] Form is not valid for some reason
[25/Apr/2018 20:42:18] INFO [surveyThesis.views:264] Form is not valid
[16/May/2018 01:02:09] INFO [surveyThesis.views:264] Form is not valid
[16/May/2018 01:02:34] INFO [surveyThesis.views:264] Form is not valid
[16/May/2018 01:02:59] INFO [surveyThesis.views:264] Form is not valid
[16/May/2018 01:03:05] INFO [surveyThesis.views:264] Form is not valid
[16/May/2018 01:03:19] INFO [surveyThesis.views:264] Form is not valid
[16/May/2018 01:03:42] INFO [surveyThesis.views:264] Form is not valid
[16/May/2018 01:04:34] INFO [surveyThesis.views:264] Form is not valid
[16/May/2018 01:04:45] INFO [surveyThesis.views:264] Form is not valid
[16/May/2018 01:04:59] INFO [surveyThesis.views:264] Form is not valid
[16/May/2018 01:05:12] INFO [surveyThesis.views:264] Form is not valid
[16/May/2018 01:05:26] INFO [surveyThesis.views:264] Form is not valid
[16/May/2018 01:52:23] INFO [surveyThesis.views:112] Form is not valid
[16/May/2018 02:32:31] INFO [surveyThesis.views:140] Form is not valid
[16/May/2018 02:40:56] INFO [surveyThesis.views:267] Form is not valid
[16/May/2018 02:47:24] INFO [surveyThesis.views:265] Form is not valid
[16/May/2018 04:02:57] INFO [surveyThesis.views:265] Form is not valid
[16/May/2018 04:24:32] INFO [surveyThesis.views:265] Form is not valid
[16/May/2018 04:25:18] INFO [surveyThesis.views:265] Form is not valid
[16/May/2018 04:27:04] INFO [surveyThesis.views:264] Form is not valid
[16/May/2018 04:27:17] INFO [surveyThesis.views:264] Form is not valid
[16/May/2018 04:28:22] INFO [surveyThesis.views:264] Form is not valid
[16/May/2018 04:28:35] INFO [surveyThesis.views:264] Form is not valid
[16/May/2018 04:28:46] INFO [surveyThesis.views:264] Form is not valid
[16/May/2018 04:44:31] INFO [surveyThesis.views:268] Form is not valid
[16/May/2018 04:44:45] INFO [surveyThesis.views:268] Form is not valid
[16/May/2018 04:44:56] INFO [surveyThesis.views:268] Form is not valid
[16/May/2018 04:45:03] INFO [surveyThesis.views:268] Form is not valid
[16/May/2018 04:45:20] INFO [surveyThesis.views:268] Form is not valid
[16/May/2018 04:45:27] INFO [surveyThesis.views:268] Form is not valid
[16/May/2018 04:45:35] INFO [surveyThesis.views:268] Form is not valid
[16/May/2018 04:45:54] INFO [surveyThesis.views:268] Form is not valid
[16/May/2018 04:46:14] INFO [surveyThesis.views:268] Form is not valid
[16/May/2018 04:46:29] INFO [surveyThesis.views:268] Form is not valid
[16/May/2018 04:51:47] INFO [surveyThesis.views:268] Form is not valid
[16/May/2018 04:52:08] INFO [surveyThesis.views:268] Form is not valid
[14/Jun/2018 23:11:37] INFO [surveyThesis.views:280] Form is not valid
[14/Jun/2018 23:11:46] INFO [surveyThesis.views:280] Form is not valid
[14/Jun/2018 23:13:49] INFO [surveyThesis.views:280] Form is not valid
[14/Jun/2018 23:16:49] INFO [surveyThesis.views:280] Form is not valid
[14/Jun/2018 23:16:57] INFO [surveyThesis.views:280] Form is not valid
